<?xml version="1.0" encoding="UTF-8"?>
<!-- Generated by org.testng.reporters.JUnitReportReporter -->
<testsuite skipped="0" hostname="Mahendra" name="Regression.APITest" tests="1" failures="0" timestamp="10 Aug 2019 05:01:30 GMT" time="3.594" errors="0">
  <testcase name="GetWeatherDetails" time="3.594" classname="Regression.APITest"/>
</testsuite> <!-- Regression.APITest -->
